-------------------------------------------------------------------------------
Test set: br.unibh.servicospessoas.MainTest
-------------------------------------------------------------------------------
Tests run: 2, Failures: 0, Errors: 2, Skipped: 0, Time elapsed: 0.638 sec <<< FAILURE!
testMyResource(br.unibh.servicospessoas.MainTest)  Time elapsed: 0.505 sec  <<< ERROR!
java.lang.IllegalArgumentException: java.text.ParseException: Next event is not a Token
	at com.sun.jersey.core.header.MediaTypes.createQualitySourceMediaTypes(MediaTypes.java:289)
	at com.sun.jersey.core.header.MediaTypes.createQualitySourceMediaTypes(MediaTypes.java:274)
	at com.sun.jersey.server.impl.modelapi.annotation.IntrospectionModeller.addProduces(IntrospectionModeller.java:173)
	at com.sun.jersey.server.impl.modelapi.annotation.IntrospectionModeller.workOutResourceMethodsList(IntrospectionModeller.java:303)
	at com.sun.jersey.server.impl.modelapi.annotation.IntrospectionModeller.createResource(IntrospectionModeller.java:126)
	at com.sun.jersey.server.impl.application.WebApplicationImpl.getAbstractResource(WebApplicationImpl.java:769)
	at com.sun.jersey.server.impl.application.WebApplicationImpl.createAbstractResourceModelStructures(WebApplicationImpl.java:1595)
	at com.sun.jersey.server.impl.application.WebApplicationImpl._initiate(WebApplicationImpl.java:1356)
	at com.sun.jersey.server.impl.application.WebApplicationImpl.access$700(WebApplicationImpl.java:180)
	at com.sun.jersey.server.impl.application.WebApplicationImpl$13.f(WebApplicationImpl.java:799)
	at com.sun.jersey.server.impl.application.WebApplicationImpl$13.f(WebApplicationImpl.java:795)
	at com.sun.jersey.spi.inject.Errors.processWithErrors(Errors.java:193)
	at com.sun.jersey.server.impl.application.WebApplicationImpl.initiate(WebApplicationImpl.java:795)
	at com.sun.jersey.api.container.ContainerFactory.createContainer(ContainerFactory.java:172)
	at com.sun.jersey.api.container.ContainerFactory.createContainer(ContainerFactory.java:134)
	at com.sun.jersey.api.container.grizzly2.GrizzlyServerFactory.createHttpServer(GrizzlyServerFactory.java:243)
	at br.unibh.servicospessoas.Main.startServer(Main.java:38)
	at br.unibh.servicospessoas.MainTest.setUp(MainTest.java:27)
	at junit.framework.TestCase.runBare(TestCase.java:132)
	at junit.framework.TestResult$1.protect(TestResult.java:110)
	at junit.framework.TestResult.runProtected(TestResult.java:128)
	at junit.framework.TestResult.run(TestResult.java:113)
	at junit.framework.TestCase.run(TestCase.java:124)
	at junit.framework.TestSuite.runTest(TestSuite.java:243)
	at junit.framework.TestSuite.run(TestSuite.java:238)
	at org.junit.internal.runners.JUnit38ClassRunner.run(JUnit38ClassRunner.java:83)
	at org.apache.maven.surefire.junit4.JUnit4Provider.execute(JUnit4Provider.java:252)
	at org.apache.maven.surefire.junit4.JUnit4Provider.executeTestSet(JUnit4Provider.java:141)
	at org.apache.maven.surefire.junit4.JUnit4Provider.invoke(JUnit4Provider.java:112)
	at sun.reflect.NativeMethodAccessorImpl.invoke0(Native Method)
	at sun.reflect.NativeMethodAccessorImpl.invoke(NativeMethodAccessorImpl.java:57)
	at sun.reflect.DelegatingMethodAccessorImpl.invoke(DelegatingMethodAccessorImpl.java:43)
	at java.lang.reflect.Method.invoke(Method.java:606)
	at org.apache.maven.surefire.util.ReflectionUtils.invokeMethodWithArray(ReflectionUtils.java:189)
	at org.apache.maven.surefire.booter.ProviderFactory$ProviderProxy.invoke(ProviderFactory.java:165)
	at org.apache.maven.surefire.booter.ProviderFactory.invokeProvider(ProviderFactory.java:85)
	at org.apache.maven.surefire.booter.ForkedBooter.runSuitesInProcess(ForkedBooter.java:115)
	at org.apache.maven.surefire.booter.ForkedBooter.main(ForkedBooter.java:75)
Caused by: java.text.ParseException: Next event is not a Token
	at com.sun.jersey.core.header.reader.HttpHeaderReader.nextToken(HttpHeaderReader.java:102)
	at com.sun.jersey.core.header.QualitySourceMediaType.valueOf(QualitySourceMediaType.java:84)
	at com.sun.jersey.core.header.reader.HttpHeaderReader$5.create(HttpHeaderReader.java:360)
	at com.sun.jersey.core.header.reader.HttpHeaderReader$5.create(HttpHeaderReader.java:358)
	at com.sun.jersey.core.header.reader.HttpHeaderReader.readList(HttpHeaderReader.java:481)
	at com.sun.jersey.core.header.reader.HttpHeaderReader.readList(HttpHeaderReader.java:473)
	at com.sun.jersey.core.header.reader.HttpHeaderReader.readAcceptableList(HttpHeaderReader.java:461)
	at com.sun.jersey.core.header.reader.HttpHeaderReader.readQualitySourceMediaType(HttpHeaderReader.java:365)
	at com.sun.jersey.core.header.reader.HttpHeaderReader.readQualitySourceMediaType(HttpHeaderReader.java:373)
	at com.sun.jersey.core.header.MediaTypes.createQualitySourceMediaTypes(MediaTypes.java:287)
	... 37 more

testApplicationWadl(br.unibh.servicospessoas.MainTest)  Time elapsed: 0.107 sec  <<< ERROR!
java.lang.IllegalArgumentException: java.text.ParseException: Next event is not a Token
	at com.sun.jersey.core.header.MediaTypes.createQualitySourceMediaTypes(MediaTypes.java:289)
	at com.sun.jersey.core.header.MediaTypes.createQualitySourceMediaTypes(MediaTypes.java:274)
	at com.sun.jersey.server.impl.modelapi.annotation.IntrospectionModeller.addProduces(IntrospectionModeller.java:173)
	at com.sun.jersey.server.impl.modelapi.annotation.IntrospectionModeller.workOutResourceMethodsList(IntrospectionModeller.java:303)
	at com.sun.jersey.server.impl.modelapi.annotation.IntrospectionModeller.createResource(IntrospectionModeller.java:126)
	at com.sun.jersey.server.impl.application.WebApplicationImpl.getAbstractResource(WebApplicationImpl.java:769)
	at com.sun.jersey.server.impl.application.WebApplicationImpl.createAbstractResourceModelStructures(WebApplicationImpl.java:1595)
	at com.sun.jersey.server.impl.application.WebApplicationImpl._initiate(WebApplicationImpl.java:1356)
	at com.sun.jersey.server.impl.application.WebApplicationImpl.access$700(WebApplicationImpl.java:180)
	at com.sun.jersey.server.impl.application.WebApplicationImpl$13.f(WebApplicationImpl.java:799)
	at com.sun.jersey.server.impl.application.WebApplicationImpl$13.f(WebApplicationImpl.java:795)
	at com.sun.jersey.spi.inject.Errors.processWithErrors(Errors.java:193)
	at com.sun.jersey.server.impl.application.WebApplicationImpl.initiate(WebApplicationImpl.java:795)
	at com.sun.jersey.api.container.ContainerFactory.createContainer(ContainerFactory.java:172)
	at com.sun.jersey.api.container.ContainerFactory.createContainer(ContainerFactory.java:134)
	at com.sun.jersey.api.container.grizzly2.GrizzlyServerFactory.createHttpServer(GrizzlyServerFactory.java:243)
	at br.unibh.servicospessoas.Main.startServer(Main.java:38)
	at br.unibh.servicospessoas.MainTest.setUp(MainTest.java:27)
	at junit.framework.TestCase.runBare(TestCase.java:132)
	at junit.framework.TestResult$1.protect(TestResult.java:110)
	at junit.framework.TestResult.runProtected(TestResult.java:128)
	at junit.framework.TestResult.run(TestResult.java:113)
	at junit.framework.TestCase.run(TestCase.java:124)
	at junit.framework.TestSuite.runTest(TestSuite.java:243)
	at junit.framework.TestSuite.run(TestSuite.java:238)
	at org.junit.internal.runners.JUnit38ClassRunner.run(JUnit38ClassRunner.java:83)
	at org.apache.maven.surefire.junit4.JUnit4Provider.execute(JUnit4Provider.java:252)
	at org.apache.maven.surefire.junit4.JUnit4Provider.executeTestSet(JUnit4Provider.java:141)
	at org.apache.maven.surefire.junit4.JUnit4Provider.invoke(JUnit4Provider.java:112)
	at sun.reflect.NativeMethodAccessorImpl.invoke0(Native Method)
	at sun.reflect.NativeMethodAccessorImpl.invoke(NativeMethodAccessorImpl.java:57)
	at sun.reflect.DelegatingMethodAccessorImpl.invoke(DelegatingMethodAccessorImpl.java:43)
	at java.lang.reflect.Method.invoke(Method.java:606)
	at org.apache.maven.surefire.util.ReflectionUtils.invokeMethodWithArray(ReflectionUtils.java:189)
	at org.apache.maven.surefire.booter.ProviderFactory$ProviderProxy.invoke(ProviderFactory.java:165)
	at org.apache.maven.surefire.booter.ProviderFactory.invokeProvider(ProviderFactory.java:85)
	at org.apache.maven.surefire.booter.ForkedBooter.runSuitesInProcess(ForkedBooter.java:115)
	at org.apache.maven.surefire.booter.ForkedBooter.main(ForkedBooter.java:75)
Caused by: java.text.ParseException: Next event is not a Token
	at com.sun.jersey.core.header.reader.HttpHeaderReader.nextToken(HttpHeaderReader.java:102)
	at com.sun.jersey.core.header.QualitySourceMediaType.valueOf(QualitySourceMediaType.java:84)
	at com.sun.jersey.core.header.reader.HttpHeaderReader$5.create(HttpHeaderReader.java:360)
	at com.sun.jersey.core.header.reader.HttpHeaderReader$5.create(HttpHeaderReader.java:358)
	at com.sun.jersey.core.header.reader.HttpHeaderReader.readList(HttpHeaderReader.java:481)
	at com.sun.jersey.core.header.reader.HttpHeaderReader.readList(HttpHeaderReader.java:473)
	at com.sun.jersey.core.header.reader.HttpHeaderReader.readAcceptableList(HttpHeaderReader.java:461)
	at com.sun.jersey.core.header.reader.HttpHeaderReader.readQualitySourceMediaType(HttpHeaderReader.java:365)
	at com.sun.jersey.core.header.reader.HttpHeaderReader.readQualitySourceMediaType(HttpHeaderReader.java:373)
	at com.sun.jersey.core.header.MediaTypes.createQualitySourceMediaTypes(MediaTypes.java:287)
	... 37 more

